{"contracts/contract.sol":{"l":{"18":1,"19":1,"23":0,"24":0,"25":0,"26":0,"30":1,"31":1,"32":1,"33":0,"35":0,"39":1,"40":1,"44":0,"45":0,"46":0,"50":0,"51":0},"path":"/home/sirvadim/RSPgame/Rock-Scissors-Paper/contracts/contract.sol","s":{"1":1,"2":1,"3":0,"4":0,"5":1,"6":1,"7":1,"8":1,"9":1,"10":0,"11":0},"b":{"1":[0,0],"2":[0,0],"3":[0,1],"4":[0,1]},"f":{"1":1,"2":0,"3":1,"4":1,"5":0,"6":0},"fnMap":{"1":{"name":null,"line":17,"loc":{"start":{"line":17,"column":4},"end":{"line":17,"column":36}}},"2":{"name":"makeDeposit","line":22,"loc":{"start":{"line":22,"column":4},"end":{"line":22,"column":39}}},"3":{"name":"play","line":29,"loc":{"start":{"line":29,"column":4},"end":{"line":29,"column":32}}},"4":{"name":"_generateRandom","line":38,"loc":{"start":{"line":38,"column":4},"end":{"line":38,"column":56}}},"5":{"name":"getReward","line":43,"loc":{"start":{"line":43,"column":4},"end":{"line":43,"column":29}}},"6":{"name":"withdraw","line":49,"loc":{"start":{"line":49,"column":4},"end":{"line":49,"column":38}}}},"statementMap":{"1":{"start":{"line":18,"column":8},"end":{"line":18,"column":40}},"2":{"start":{"line":19,"column":8},"end":{"line":19,"column":22}},"3":{"start":{"line":23,"column":5},"end":{"line":23,"column":56}},"4":{"start":{"line":24,"column":8},"end":{"line":24,"column":60}},"5":{"start":{"line":31,"column":8},"end":{"line":31,"column":35}},"6":{"start":{"line":32,"column":8},"end":{"line":32,"column":903}},"7":{"start":{"line":34,"column":13},"end":{"line":34,"column":974}},"8":{"start":{"line":39,"column":8},"end":{"line":39,"column":48}},"9":{"start":{"line":40,"column":8},"end":{"line":40,"column":23}},"10":{"start":{"line":46,"column":8},"end":{"line":46,"column":36}},"11":{"start":{"line":51,"column":8},"end":{"line":51,"column":15}}},"branchMap":{"1":{"line":23,"type":"if","locations":[{"start":{"line":23,"column":5},"end":{"line":23,"column":5}},{"start":{"line":23,"column":5},"end":{"line":23,"column":5}}]},"2":{"line":24,"type":"if","locations":[{"start":{"line":24,"column":8},"end":{"line":24,"column":8}},{"start":{"line":24,"column":8},"end":{"line":24,"column":8}}]},"3":{"line":32,"type":"if","locations":[{"start":{"line":32,"column":8},"end":{"line":32,"column":8}},{"start":{"line":32,"column":8},"end":{"line":32,"column":8}}]},"4":{"line":34,"type":"if","locations":[{"start":{"line":34,"column":13},"end":{"line":34,"column":13}},{"start":{"line":34,"column":13},"end":{"line":34,"column":13}}]}}},"contracts/erc20.sol":{"l":{"30":1,"34":0,"35":0,"39":0,"43":0,"44":0,"45":0,"76":0,"83":0,"90":0,"91":0,"92":0,"93":0,"94":0,"96":0,"116":0,"118":0,"119":0,"120":0,"135":0,"136":0,"137":0,"138":0,"139":0,"140":0,"142":0,"155":0,"180":0,"181":0,"185":0,"186":0,"197":0},"path":"/home/sirvadim/RSPgame/Rock-Scissors-Paper/contracts/erc20.sol","s":{"1":1,"2":0,"3":0,"4":0,"5":0,"6":0,"7":0,"8":0,"9":0,"10":0,"11":0,"12":0,"13":0,"14":0,"15":0,"16":0,"17":0,"18":0,"19":0,"20":0,"21":0,"22":0,"23":0,"24":0,"25":0,"26":0,"27":0,"28":0,"29":0,"30":0,"31":0},"b":{"1":[0,0],"2":[0,0],"3":[0,0],"4":[0,0],"5":[0,0]},"f":{"1":1,"2":0,"3":0,"4":0,"5":0,"6":0,"7":0,"8":0,"9":0,"10":0,"11":1,"12":0,"13":0,"14":0},"fnMap":{"1":{"name":"Owned","line":29,"loc":{"start":{"line":29,"column":4},"end":{"line":29,"column":18}}},"2":{"name":"onlyOwner","line":33,"loc":{"start":{"line":33,"column":4},"end":{"line":33,"column":20}}},"3":{"name":"transferOwnership","line":38,"loc":{"start":{"line":38,"column":4},"end":{"line":38,"column":57}}},"4":{"name":"acceptOwnership","line":42,"loc":{"start":{"line":42,"column":4},"end":{"line":42,"column":28}}},"5":{"name":"totalSupply","line":75,"loc":{"start":{"line":75,"column":4},"end":{"line":75,"column":63}}},"6":{"name":"balanceOf","line":82,"loc":{"start":{"line":82,"column":4},"end":{"line":82,"column":78}}},"7":{"name":"transfer","line":89,"loc":{"start":{"line":89,"column":4},"end":{"line":89,"column":79}}},"8":{"name":"approve","line":105,"loc":{"start":{"line":105,"column":4},"end":{"line":110,"column":5}}},"9":{"name":"transferFrom","line":128,"loc":{"start":{"line":128,"column":4},"end":{"line":134,"column":5}}},"10":{"name":"allowance","line":150,"loc":{"start":{"line":150,"column":4},"end":{"line":154,"column":5}}},"11":{"name":"ERC20","line":173,"loc":{"start":{"line":173,"column":4},"end":{"line":173,"column":25}}},"12":{"name":"faucet","line":179,"loc":{"start":{"line":179,"column":4},"end":{"line":179,"column":26}}},"13":{"name":"faucetTo","line":184,"loc":{"start":{"line":184,"column":4},"end":{"line":184,"column":53}}},"14":{"name":"transferAnyERC20Token","line":194,"loc":{"start":{"line":194,"column":4},"end":{"line":196,"column":5}}}},"statementMap":{"1":{"start":{"line":30,"column":8},"end":{"line":30,"column":25}},"2":{"start":{"line":34,"column":8},"end":{"line":34,"column":35}},"3":{"start":{"line":39,"column":8},"end":{"line":39,"column":27}},"4":{"start":{"line":43,"column":8},"end":{"line":43,"column":1356}},"5":{"start":{"line":44,"column":12},"end":{"line":44,"column":48}},"6":{"start":{"line":45,"column":12},"end":{"line":45,"column":27}},"7":{"start":{"line":76,"column":8},"end":{"line":76,"column":33}},"8":{"start":{"line":83,"column":8},"end":{"line":83,"column":31}},"9":{"start":{"line":90,"column":8},"end":{"line":90,"column":3533}},"10":{"start":{"line":91,"column":12},"end":{"line":91,"column":67}},"11":{"start":{"line":92,"column":12},"end":{"line":92,"column":53}},"12":{"start":{"line":93,"column":12},"end":{"line":93,"column":45}},"13":{"start":{"line":94,"column":12},"end":{"line":94,"column":23}},"14":{"start":{"line":96,"column":12},"end":{"line":96,"column":24}},"15":{"start":{"line":116,"column":8},"end":{"line":116,"column":70}},"16":{"start":{"line":118,"column":8},"end":{"line":118,"column":46}},"17":{"start":{"line":119,"column":8},"end":{"line":119,"column":46}},"18":{"start":{"line":120,"column":8},"end":{"line":120,"column":19}},"19":{"start":{"line":135,"column":8},"end":{"line":135,"column":5427}},"20":{"start":{"line":136,"column":12},"end":{"line":136,"column":57}},"21":{"start":{"line":137,"column":12},"end":{"line":137,"column":79}},"22":{"start":{"line":138,"column":12},"end":{"line":138,"column":53}},"23":{"start":{"line":139,"column":12},"end":{"line":139,"column":40}},"24":{"start":{"line":140,"column":12},"end":{"line":140,"column":23}},"25":{"start":{"line":142,"column":12},"end":{"line":142,"column":24}},"26":{"start":{"line":155,"column":4},"end":{"line":155,"column":36}},"27":{"start":{"line":180,"column":8},"end":{"line":180,"column":40}},"28":{"start":{"line":181,"column":8},"end":{"line":181,"column":50}},"29":{"start":{"line":185,"column":8},"end":{"line":185,"column":31}},"30":{"start":{"line":186,"column":8},"end":{"line":186,"column":48}},"31":{"start":{"line":197,"column":8},"end":{"line":197,"column":63}}},"branchMap":{"1":{"line":34,"type":"if","locations":[{"start":{"line":34,"column":8},"end":{"line":34,"column":8}},{"start":{"line":34,"column":8},"end":{"line":34,"column":8}}]},"2":{"line":43,"type":"if","locations":[{"start":{"line":43,"column":8},"end":{"line":43,"column":8}},{"start":{"line":43,"column":8},"end":{"line":43,"column":8}}]},"3":{"line":90,"type":"if","locations":[{"start":{"line":90,"column":8},"end":{"line":90,"column":8}},{"start":{"line":90,"column":8},"end":{"line":90,"column":8}}]},"4":{"line":116,"type":"if","locations":[{"start":{"line":116,"column":8},"end":{"line":116,"column":8}},{"start":{"line":116,"column":8},"end":{"line":116,"column":8}}]},"5":{"line":135,"type":"if","locations":[{"start":{"line":135,"column":8},"end":{"line":135,"column":8}},{"start":{"line":135,"column":8},"end":{"line":135,"column":8}}]}}},"contracts/interfaces.sol":{"l":{},"path":"/home/sirvadim/RSPgame/Rock-Scissors-Paper/contracts/interfaces.sol","s":{},"b":{},"f":{},"fnMap":{},"statementMap":{},"branchMap":{}},"contracts/Ownable.sol":{"l":{"19":1,"27":0,"28":0,"37":0,"38":0,"39":0},"path":"/home/sirvadim/RSPgame/Rock-Scissors-Paper/contracts/Ownable.sol","s":{"1":1,"2":0,"3":0,"4":0,"5":0},"b":{"1":[0,0],"2":[0,0]},"f":{"1":1,"2":0,"3":0},"fnMap":{"1":{"name":null,"line":18,"loc":{"start":{"line":18,"column":4},"end":{"line":18,"column":22}}},"2":{"name":"onlyOwner","line":26,"loc":{"start":{"line":26,"column":4},"end":{"line":26,"column":22}}},"3":{"name":"transferOwnership","line":36,"loc":{"start":{"line":36,"column":4},"end":{"line":36,"column":63}}}},"statementMap":{"1":{"start":{"line":19,"column":8},"end":{"line":19,"column":25}},"2":{"start":{"line":27,"column":8},"end":{"line":27,"column":35}},"3":{"start":{"line":37,"column":8},"end":{"line":37,"column":38}},"4":{"start":{"line":38,"column":8},"end":{"line":38,"column":50}},"5":{"start":{"line":39,"column":8},"end":{"line":39,"column":23}}},"branchMap":{"1":{"line":27,"type":"if","locations":[{"start":{"line":27,"column":8},"end":{"line":27,"column":8}},{"start":{"line":27,"column":8},"end":{"line":27,"column":8}}]},"2":{"line":37,"type":"if","locations":[{"start":{"line":37,"column":8},"end":{"line":37,"column":8}},{"start":{"line":37,"column":8},"end":{"line":37,"column":8}}]}}},"contracts/SafeMath.sol":{"l":{"10":0,"11":0,"12":0,"17":0,"19":0,"23":0,"24":0,"28":1,"29":1,"30":1},"path":"/home/sirvadim/RSPgame/Rock-Scissors-Paper/contracts/SafeMath.sol","s":{"1":0,"2":0,"3":0,"4":0,"5":0,"6":0,"7":0,"8":1,"9":1,"10":1},"b":{"1":[0,0],"2":[0,0],"3":[1,0]},"f":{"1":0,"2":0,"3":0,"4":1},"fnMap":{"1":{"name":"mul","line":9,"loc":{"start":{"line":9,"column":2},"end":{"line":9,"column":67}}},"2":{"name":"div","line":15,"loc":{"start":{"line":15,"column":2},"end":{"line":15,"column":67}}},"3":{"name":"sub","line":22,"loc":{"start":{"line":22,"column":2},"end":{"line":22,"column":67}}},"4":{"name":"add","line":27,"loc":{"start":{"line":27,"column":2},"end":{"line":27,"column":67}}}},"statementMap":{"1":{"start":{"line":10,"column":4},"end":{"line":10,"column":20}},"2":{"start":{"line":11,"column":4},"end":{"line":11,"column":31}},"3":{"start":{"line":12,"column":4},"end":{"line":12,"column":12}},"4":{"start":{"line":17,"column":4},"end":{"line":17,"column":20}},"5":{"start":{"line":19,"column":4},"end":{"line":19,"column":12}},"6":{"start":{"line":23,"column":4},"end":{"line":23,"column":17}},"7":{"start":{"line":24,"column":4},"end":{"line":24,"column":16}},"8":{"start":{"line":28,"column":4},"end":{"line":28,"column":20}},"9":{"start":{"line":29,"column":4},"end":{"line":29,"column":17}},"10":{"start":{"line":30,"column":4},"end":{"line":30,"column":12}}},"branchMap":{"1":{"line":11,"type":"if","locations":[{"start":{"line":11,"column":4},"end":{"line":11,"column":4}},{"start":{"line":11,"column":4},"end":{"line":11,"column":4}}]},"2":{"line":23,"type":"if","locations":[{"start":{"line":23,"column":4},"end":{"line":23,"column":4}},{"start":{"line":23,"column":4},"end":{"line":23,"column":4}}]},"3":{"line":29,"type":"if","locations":[{"start":{"line":29,"column":4},"end":{"line":29,"column":4}},{"start":{"line":29,"column":4},"end":{"line":29,"column":4}}]}}}}