TN:
SF:/home/sirvadim/RSPgame/Rock-Scissors-Paper/contracts/contract.sol
FN:17,
FN:22,makeDeposit
FN:29,play
FN:38,_generateRandom
FN:43,getReward
FN:49,withdraw
FNF:6
FNH:3
FNDA:1,
FNDA:0,makeDeposit
FNDA:1,play
FNDA:1,_generateRandom
FNDA:0,getReward
FNDA:0,withdraw
DA:18,1
DA:19,1
DA:23,0
DA:24,0
DA:25,0
DA:26,0
DA:30,1
DA:31,1
DA:32,1
DA:33,0
DA:35,0
DA:39,1
DA:40,1
DA:44,0
DA:45,0
DA:46,0
DA:50,0
DA:51,0
LF:18
LH:7
BRDA:23,1,0,0
BRDA:23,1,1,0
BRDA:24,2,0,0
BRDA:24,2,1,0
BRDA:32,3,0,0
BRDA:32,3,1,1
BRDA:34,4,0,0
BRDA:34,4,1,1
BRF:8
BRH:2
end_of_record
TN:
SF:/home/sirvadim/RSPgame/Rock-Scissors-Paper/contracts/erc20.sol
FN:29,Owned
FN:33,onlyOwner
FN:38,transferOwnership
FN:42,acceptOwnership
FN:75,totalSupply
FN:82,balanceOf
FN:89,transfer
FN:105,approve
FN:128,transferFrom
FN:150,allowance
FN:173,ERC20
FN:179,faucet
FN:184,faucetTo
FN:194,transferAnyERC20Token
FNF:14
FNH:2
FNDA:1,Owned
FNDA:0,onlyOwner
FNDA:0,transferOwnership
FNDA:0,acceptOwnership
FNDA:0,totalSupply
FNDA:0,balanceOf
FNDA:0,transfer
FNDA:0,approve
FNDA:0,transferFrom
FNDA:0,allowance
FNDA:1,ERC20
FNDA:0,faucet
FNDA:0,faucetTo
FNDA:0,transferAnyERC20Token
DA:30,1
DA:34,0
DA:35,0
DA:39,0
DA:43,0
DA:44,0
DA:45,0
DA:76,0
DA:83,0
DA:90,0
DA:91,0
DA:92,0
DA:93,0
DA:94,0
DA:96,0
DA:116,0
DA:118,0
DA:119,0
DA:120,0
DA:135,0
DA:136,0
DA:137,0
DA:138,0
DA:139,0
DA:140,0
DA:142,0
DA:155,0
DA:180,0
DA:181,0
DA:185,0
DA:186,0
DA:197,0
LF:32
LH:1
BRDA:34,1,0,0
BRDA:34,1,1,0
BRDA:43,2,0,0
BRDA:43,2,1,0
BRDA:90,3,0,0
BRDA:90,3,1,0
BRDA:116,4,0,0
BRDA:116,4,1,0
BRDA:135,5,0,0
BRDA:135,5,1,0
BRF:10
BRH:0
end_of_record
TN:
SF:/home/sirvadim/RSPgame/Rock-Scissors-Paper/contracts/interfaces.sol
FNF:0
FNH:0
LF:0
LH:0
BRF:0
BRH:0
end_of_record
TN:
SF:/home/sirvadim/RSPgame/Rock-Scissors-Paper/contracts/Ownable.sol
FN:18,
FN:26,onlyOwner
FN:36,transferOwnership
FNF:3
FNH:1
FNDA:1,
FNDA:0,onlyOwner
FNDA:0,transferOwnership
DA:19,1
DA:27,0
DA:28,0
DA:37,0
DA:38,0
DA:39,0
LF:6
LH:1
BRDA:27,1,0,0
BRDA:27,1,1,0
BRDA:37,2,0,0
BRDA:37,2,1,0
BRF:4
BRH:0
end_of_record
TN:
SF:/home/sirvadim/RSPgame/Rock-Scissors-Paper/contracts/SafeMath.sol
FN:9,mul
FN:15,div
FN:22,sub
FN:27,add
FNF:4
FNH:1
FNDA:0,mul
FNDA:0,div
FNDA:0,sub
FNDA:1,add
DA:10,0
DA:11,0
DA:12,0
DA:17,0
DA:19,0
DA:23,0
DA:24,0
DA:28,1
DA:29,1
DA:30,1
LF:10
LH:3
BRDA:11,1,0,0
BRDA:11,1,1,0
BRDA:23,2,0,0
BRDA:23,2,1,0
BRDA:29,3,0,1
BRDA:29,3,1,0
BRF:6
BRH:1
end_of_record
